2025-01-15 09:48:15.746683 - User: tester@gmail.com - Path: /api/conversations/
2025-01-15 09:52:45.564928 - User: tester@gmail.com - Path: /api/conversations/
2025-01-15 09:52:46.959659 - User: tester@gmail.com - Path: /api/conversations/
2025-01-15 09:52:49.617535 - User: tester@gmail.com - Path: /api/conversations/
2025-01-15 09:54:00.374340 - User: tester@gmail.com - Path: /api/conversations/
2025-01-15 09:54:01.385621 - User: tester@gmail.com - Path: /api/conversations/
2025-01-15 09:55:48.089872 - User: tester@gmail.com - Path: /api/conversations/
2025-01-15 09:55:58.626343 - User: tester@gmail.com - Path: /api/conversations/
2025-01-15 09:57:26.546926 - User: tester@gmail.com - Path: /api/conversations/
2025-01-15 09:57:33.678837 - User: tester@gmail.com - Path: /api/conversations/
2025-01-15 09:59:08.800052 - User: tester@gmail.com - Path: /api/conversations/
2025-01-15 10:00:01.643309 - User: tester@gmail.com - Path: /api/conversations/
2025-01-15 10:09:00.632467 - User: tester@gmail.com - Path: /api/conversations/
2025-01-15 10:09:01.897547 - User: tester@gmail.com - Path: /api/conversations/
2025-01-15 10:12:03.889189 - User: tester@gmail.com - Path: /api/conversations/
2025-01-15 10:12:04.800080 - User: tester@gmail.com - Path: /api/conversations/
2025-01-15 10:12:05.990242 - User: tester@gmail.com - Path: /api/conversations/
2025-01-15 10:12:40.727030 - User: AnonymousUser - Path: /api/conversations/
2025-01-15 10:12:49.161544 - User: AnonymousUser - Path: /api-auth/login/
2025-01-15 10:13:03.328927 - User: AnonymousUser - Path: /api-auth/login/
2025-01-15 10:13:03.609588 - User: fake1@gmail.com - Path: /api/conversations/
2025-01-15 10:13:50.338011 - User: fake1@gmail.com - Path: /api/conversations/
2025-01-15 10:24:54.773835 - User: tester@gmail.com - Path: /api/conversations/
2025-01-15 10:24:55.998547 - User: tester@gmail.com - Path: /api/conversations/
2025-01-15 10:25:44.320160 - User: tester@gmail.com - Path: /api/conversations/
2025-01-15 10:25:45.553018 - User: tester@gmail.com - Path: /api/conversations/
2025-01-15 10:26:51.453233 - User: tester@gmail.com - Path: /api/conversations/
2025-01-15 10:26:52.454571 - User: tester@gmail.com - Path: /api/conversations/
2025-01-15 10:27:57.769226 - User: tester@gmail.com - Path: /api/conversations/
2025-01-15 10:27:58.697119 - User: tester@gmail.com - Path: /api/conversations/
2025-01-15 10:29:19.465649 - User: tester@gmail.com - Path: /api/conversations/
2025-01-15 10:29:20.508925 - User: tester@gmail.com - Path: /api/conversations/
2025-01-15 11:39:48.674474 - User: AnonymousUser - Path: /api/conversations
2025-01-15 11:39:48.692310 - User: AnonymousUser - Path: /api/conversations/
2025-01-15 11:40:17.152692 - User: AnonymousUser - Path: /api/login/
2025-01-15 11:40:47.363790 - User: AnonymousUser - Path: /api/conversations
2025-01-15 11:40:47.375564 - User: AnonymousUser - Path: /api/conversations/
2025-01-15 11:40:50.710018 - User: AnonymousUser - Path: /api/conversations
2025-01-15 11:40:50.721619 - User: AnonymousUser - Path: /api/conversations/
2025-01-15 11:40:51.621105 - User: AnonymousUser - Path: /api/conversations
2025-01-15 11:40:51.633646 - User: AnonymousUser - Path: /api/conversations/
2025-01-15 11:40:52.457357 - User: AnonymousUser - Path: /api/conversations
2025-01-15 11:40:52.466675 - User: AnonymousUser - Path: /api/conversations/
2025-01-15 11:40:53.099453 - User: AnonymousUser - Path: /api/conversations
2025-01-15 11:40:53.107577 - User: AnonymousUser - Path: /api/conversations/
2025-01-15 11:40:53.752544 - User: AnonymousUser - Path: /api/conversations
2025-01-15 11:40:53.762318 - User: AnonymousUser - Path: /api/conversations/
2025-01-15 11:40:54.272061 - User: AnonymousUser - Path: /api/conversations
2025-01-15 11:40:54.281919 - User: AnonymousUser - Path: /api/conversations/
2025-01-15 11:40:54.870214 - User: AnonymousUser - Path: /api/conversations
2025-01-15 11:40:54.882645 - User: AnonymousUser - Path: /api/conversations/
2025-01-15 11:40:55.470495 - User: AnonymousUser - Path: /api/conversations
2025-01-15 11:40:55.479062 - User: AnonymousUser - Path: /api/conversations/
2025-01-15 11:40:56.090378 - User: AnonymousUser - Path: /api/conversations
2025-01-15 11:40:56.099957 - User: AnonymousUser - Path: /api/conversations/
2025-01-15 11:40:56.641158 - User: AnonymousUser - Path: /api/conversations
2025-01-15 11:40:56.650101 - User: AnonymousUser - Path: /api/conversations/
2025-01-15 11:40:57.299407 - User: AnonymousUser - Path: /api/conversations
2025-01-15 11:40:57.308484 - User: AnonymousUser - Path: /api/conversations/
2025-01-15 11:41:03.670349 - User: AnonymousUser - Path: /api/conversations
2025-01-15 11:41:03.680114 - User: AnonymousUser - Path: /api/conversations/
2025-01-15 11:41:06.675298 - User: AnonymousUser - Path: /api/conversations
2025-01-15 11:41:07.620857 - User: AnonymousUser - Path: /api/conversations
2025-01-15 11:41:07.634282 - User: AnonymousUser - Path: /api/conversations/
2025-01-15 11:41:08.503408 - User: AnonymousUser - Path: /api/conversations
2025-01-15 11:41:08.511749 - User: AnonymousUser - Path: /api/conversations/
2025-01-15 11:41:09.010554 - User: AnonymousUser - Path: /api/conversations
2025-01-15 11:41:09.022704 - User: AnonymousUser - Path: /api/conversations/
2025-01-15 11:41:09.654763 - User: AnonymousUser - Path: /api/conversations
2025-01-15 11:41:09.666602 - User: AnonymousUser - Path: /api/conversations/
2025-01-15 11:41:10.705675 - User: AnonymousUser - Path: /api/conversations
2025-01-15 11:41:10.715207 - User: AnonymousUser - Path: /api/conversations/
2025-01-15 11:41:17.841037 - User: AnonymousUser - Path: /api/conversations
2025-01-15 11:41:17.851933 - User: AnonymousUser - Path: /api/conversations/
2025-01-15 11:41:40.032593 - User: tester@gmail.com - Path: /api/conversations/
2025-01-15 11:41:40.417433 - User: tester@gmail.com - Path: /api/conversations/
2025-01-15 11:41:41.192198 - User: tester@gmail.com - Path: /api/conversations/
2025-01-15 11:41:41.897795 - User: tester@gmail.com - Path: /api/conversations/
2025-01-15 11:41:42.521898 - User: tester@gmail.com - Path: /api/conversations/
2025-01-15 11:41:43.200197 - User: tester@gmail.com - Path: /api/conversations/
